<?xml version="1.0" encoding="UTF-8"?>
<!-- Generated by org.testng.reporters.JUnitReportReporter -->
<testsuite hostname="LAPTOP-HEPN219V" failures="0" tests="1" name="appium_virtual_app.All_in_one" time="42.219" errors="0" timestamp="2022-12-06T17:59:53 IST" skipped="0">
  <testcase classname="appium_virtual_app.All_in_one" name="tc1" time="42.219"/>
  <system-out/>
</testsuite> <!-- appium_virtual_app.All_in_one -->
