<?xml version="1.0" encoding="UTF-8"?>
<!-- Generated by org.testng.reporters.JUnitReportReporter -->
<testsuite hostname="LAPTOP-HEPN219V" failures="0" tests="10" name="appium_virtual_app.Natives_Poco" time="32.735" errors="0" timestamp="2022-12-09T11:29:14 IST" skipped="9">
  <testcase classname="appium_virtual_app.Natives_Poco" name="tc3" time="32.735"/>
  <system-out/>
  <testcase classname="appium_virtual_app.Natives_Poco" name="Task">
    <skipped/>
  </testcase> <!-- Task -->
  <system-out/>
  <testcase classname="appium_virtual_app.Natives_Poco" name="dialog">
    <skipped/>
  </testcase> <!-- dialog -->
  <system-out/>
  <testcase classname="appium_virtual_app.Natives_Poco" name="draganddrop">
    <skipped/>
  </testcase> <!-- draganddrop -->
  <system-out/>
  <testcase classname="appium_virtual_app.Natives_Poco" name="tc4">
    <skipped/>
  </testcase> <!-- tc4 -->
  <system-out/>
  <testcase classname="appium_virtual_app.Natives_Poco" name="testcase2">
    <skipped/>
  </testcase> <!-- testcase2 -->
  <system-out/>
  <testcase classname="appium_virtual_app.Natives_Poco" name="tc8">
    <skipped/>
  </testcase> <!-- tc8 -->
  <system-out/>
  <testcase classname="appium_virtual_app.Natives_Poco" name="tc5">
    <skipped/>
  </testcase> <!-- tc5 -->
  <system-out/>
  <testcase classname="appium_virtual_app.Natives_Poco" name="longtap">
    <skipped/>
  </testcase> <!-- longtap -->
  <system-out/>
  <testcase classname="appium_virtual_app.Natives_Poco" name="switch12">
    <skipped/>
  </testcase> <!-- switch12 -->
  <system-out/>
</testsuite> <!-- appium_virtual_app.Natives_Poco -->
