<?xml version="1.0" encoding="UTF-8"?>
<!-- Generated by org.testng.reporters.JUnitReportReporter -->
<testsuite hostname="LAPTOP-HEPN219V" failures="0" tests="2" name="appium_virtual_app.slack" time="10.495" errors="1" timestamp="2022-12-06T07:59:16 IST" skipped="1">
  <testcase classname="appium_virtual_app.slack" name="tc1" time="0.000">
    <skipped/>
  </testcase> <!-- tc1 -->
  <system-out/>
  <testcase classname="appium_virtual_app.slack" name="BT" time="10.495">
    <error message="Unable to create a new remote session. Please check the server log for more details. Original error: An unknown server-side error occurred while processing the command. Original error: Cannot start the &#039;com.Slack&#039; application. Visit https://github.com/appium/appium/blob/master/docs/en/writing-running-appium/android/activity-startup.md for troubleshooting. Original error: Error executing adbExec. Original error: &#039;Command &#039;C:\\Users\\HP\\AppData\\Local\\Android\\Sdk\\platform-tools\\adb.exe -P 5037 -s 5eeca162 shell am start -W -n com.Slack/slack.app.ui.ClientBootActivity -S&#039; exited with code 255&#039;; Stderr: &#039;Security exception: Permission Denial: starting Intent { flg=0x10000000 cmp=com.Slack/slack.app.ui.ClientBootActivity } from null (pid=21176, uid=2000) not exported from uid 10304

java.lang.SecurityException: Permission Denial: starting Intent { flg=0x10000000 cmp=com.Slack/slack.app.ui.ClientBootActivity } from null (pid=21176, uid=2000) not exported from uid 10304
	at com.android.server.wm.ActivityStackSupervisor.checkStartAnyActivityPermission(ActivityStackSupervisor.java:1089)
	at com.android.server.wm.ActivityStarter.startActivity(ActivityStarter.java:789)
	at com.android.server.wm.ActivityStarter.startActivity(ActivityStarter.java:588)
	at com.android.server.wm.ActivityStarter.startActivityMayWait(ActivityStarter.java:1392)
	at com.android.server.wm.ActivityStarter.execute(ActivityStarter.java:519)
	at com.android.server.wm.ActivityTaskManagerService.startActivityAndWait(ActivityTaskManagerService.java:1264)
	at com.android.server.am.ActivityManagerService.startActivityAndWait(ActivityManagerService.java:3581)
	at com.android.server.am.ActivityManagerShellCommand.runStartActivity(ActivityManagerShellCommand.java:513)
	at com.android.server.am.ActivityManagerShellCommand.onCommand(ActivityManagerShellCommand.java:172)
	at android.os.ShellCommand.exec(ShellCommand.java:111)
	at com.android.server.am.ActivityManagerService.onShellCommand(ActivityManagerService.java:10093)
	at android.os.Binder.shellCommand(Binder.java:881)
	at android.os.Binder.onTransact(Binder.java:765)
	at android.app.IActivityManager$Stub.onTransact(IActivityManager.java:4727)
	at com.android.server.am.ActivityManagerService.onTransact(ActivityManagerService.java:2799)
	at android.os.Binder.execTransactInternal(Binder.java:1021)
	at android.os.Binder.execTransact(Binder.java:994)&#039;; Code: &#039;255&#039;
Build info: version: &#039;3.141.59&#039;, revision: &#039;e82be7d358&#039;, time: &#039;2018-11-14T08:17:03&#039;
System info: host: &#039;LAPTOP-HEPN219V&#039;, ip: &#039;192.168.43.223&#039;, os.name: &#039;Windows 11&#039;, os.arch: &#039;amd64&#039;, os.version: &#039;10.0&#039;, java.version: &#039;17.0.4.1&#039;
Driver info: driver.version: AndroidDriver
remote stacktrace: UnknownError: An unknown server-side error occurred while processing the command. Original error: Cannot start the &#039;com.Slack&#039; application. Visit https://github.com/appium/appium/blob/master/docs/en/writing-running-appium/android/activity-startup.md for troubleshooting. Original error: Error executing adbExec. Original error: &#039;Command &#039;C:\\Users\\HP\\AppData\\Local\\Android\\Sdk\\platform-tools\\adb.exe -P 5037 -s 5eeca162 shell am start -W -n com.Slack/slack.app.ui.ClientBootActivity -S&#039; exited with code 255&#039;; Stderr: &#039;Security exception: Permission Denial: starting Intent { flg=0x10000000 cmp=com.Slack/slack.app.ui.ClientBootActivity } from null (pid=21176, uid=2000) not exported from uid 10304

java.lang.SecurityException: Permission Denial: starting Intent { flg=0x10000000 cmp=com.Slack/slack.app.ui.ClientBootActivity } from null (pid=21176, uid=2000) not exported from uid 10304
	at com.android.server.wm.ActivityStackSupervisor.checkStartAnyActivityPermission(ActivityStackSupervisor.java:1089)
	at com.android.server.wm.ActivityStarter.startActivity(ActivityStarter.java:789)
	at com.android.server.wm.ActivityStarter.startActivity(ActivityStarter.java:588)
	at com.android.server.wm.ActivityStarter.startActivityMayWait(ActivityStarter.java:1392)
	at com.android.server.wm.ActivityStarter.execute(ActivityStarter.java:519)
	at com.android.server.wm.ActivityTaskManagerService.startActivityAndWait(ActivityTaskManagerService.java:1264)
	at com.android.server.am.ActivityManagerService.startActivityAndWait(ActivityManagerService.java:3581)
	at com.android.server.am.ActivityManagerShellCommand.runStartActivity(ActivityManagerShellCommand.java:513)
	at com.android.server.am.ActivityManagerShellCommand.onCommand(ActivityManagerShellCommand.java:172)
	at android.os.ShellCommand.exec(ShellCommand.java:111)
	at com.android.server.am.ActivityManagerService.onShellCommand(ActivityManagerService.java:10093)
	at android.os.Binder.shellCommand(Binder.java:881)
	at android.os.Binder.onTransact(Binder.java:765)
	at android.app.IActivityManager$Stub.onTransact(IActivityManager.java:4727)
	at com.android.server.am.ActivityManagerService.onTransact(ActivityManagerService.java:2799)
	at android.os.Binder.execTransactInternal(Binder.java:1021)
	at android.os.Binder.execTransact(Binder.java:994)&#039;; Code: &#039;255&#039;
    at getResponseForW3CError (C:\Users\HP\AppData\Local\Programs\Appium\resources\app\node_modules\appium\node_modules\appium-base-driver\lib\protocol\errors.js:804:9)
    at asyncHandler (C:\Users\HP\AppData\Local\Programs\Appium\resources\app\node_modules\appium\node_modules\appium-base-driver\lib\protocol\protocol.js:392:37)
Build info: version: &#039;3.141.59&#039;, revision: &#039;e82be7d358&#039;, time: &#039;2018-11-14T08:17:03&#039;
System info: host: &#039;LAPTOP-HEPN219V&#039;, ip: &#039;192.168.43.223&#039;, os.name: &#039;Windows 11&#039;, os.arch: &#039;amd64&#039;, os.version: &#039;10.0&#039;, java.version: &#039;17.0.4.1&#039;
Driver info: driver.version: AndroidDriver" type="org.openqa.selenium.SessionNotCreatedException">
      <![CDATA[org.openqa.selenium.SessionNotCreatedException: Unable to create a new remote session. Please check the server log for more details. Original error: An unknown server-side error occurred while processing the command. Original error: Cannot start the 'com.Slack' application. Visit https://github.com/appium/appium/blob/master/docs/en/writing-running-appium/android/activity-startup.md for troubleshooting. Original error: Error executing adbExec. Original error: 'Command 'C:\\Users\\HP\\AppData\\Local\\Android\\Sdk\\platform-tools\\adb.exe -P 5037 -s 5eeca162 shell am start -W -n com.Slack/slack.app.ui.ClientBootActivity -S' exited with code 255'; Stderr: 'Security exception: Permission Denial: starting Intent { flg=0x10000000 cmp=com.Slack/slack.app.ui.ClientBootActivity } from null (pid=21176, uid=2000) not exported from uid 10304

java.lang.SecurityException: Permission Denial: starting Intent { flg=0x10000000 cmp=com.Slack/slack.app.ui.ClientBootActivity } from null (pid=21176, uid=2000) not exported from uid 10304
at com.android.server.wm.ActivityStackSupervisor.checkStartAnyActivityPermission(ActivityStackSupervisor.java:1089)
at com.android.server.wm.ActivityStarter.startActivity(ActivityStarter.java:789)
at com.android.server.wm.ActivityStarter.startActivity(ActivityStarter.java:588)
at com.android.server.wm.ActivityStarter.startActivityMayWait(ActivityStarter.java:1392)
at com.android.server.wm.ActivityStarter.execute(ActivityStarter.java:519)
at com.android.server.wm.ActivityTaskManagerService.startActivityAndWait(ActivityTaskManagerService.java:1264)
at com.android.server.am.ActivityManagerService.startActivityAndWait(ActivityManagerService.java:3581)
at com.android.server.am.ActivityManagerShellCommand.runStartActivity(ActivityManagerShellCommand.java:513)
at com.android.server.am.ActivityManagerShellCommand.onCommand(ActivityManagerShellCommand.java:172)
at android.os.ShellCommand.exec(ShellCommand.java:111)
at com.android.server.am.ActivityManagerService.onShellCommand(ActivityManagerService.java:10093)
at android.os.Binder.shellCommand(Binder.java:881)
at android.os.Binder.onTransact(Binder.java:765)
at android.app.IActivityManager$Stub.onTransact(IActivityManager.java:4727)
at com.android.server.am.ActivityManagerService.onTransact(ActivityManagerService.java:2799)
at android.os.Binder.execTransactInternal(Binder.java:1021)
at android.os.Binder.execTransact(Binder.java:994)'; Code: '255'
Build info: version: '3.141.59', revision: 'e82be7d358', time: '2018-11-14T08:17:03'
System info: host: 'LAPTOP-HEPN219V', ip: '192.168.43.223', os.name: 'Windows 11', os.arch: 'amd64', os.version: '10.0', java.version: '17.0.4.1'
Driver info: driver.version: AndroidDriver
remote stacktrace: UnknownError: An unknown server-side error occurred while processing the command. Original error: Cannot start the 'com.Slack' application. Visit https://github.com/appium/appium/blob/master/docs/en/writing-running-appium/android/activity-startup.md for troubleshooting. Original error: Error executing adbExec. Original error: 'Command 'C:\\Users\\HP\\AppData\\Local\\Android\\Sdk\\platform-tools\\adb.exe -P 5037 -s 5eeca162 shell am start -W -n com.Slack/slack.app.ui.ClientBootActivity -S' exited with code 255'; Stderr: 'Security exception: Permission Denial: starting Intent { flg=0x10000000 cmp=com.Slack/slack.app.ui.ClientBootActivity } from null (pid=21176, uid=2000) not exported from uid 10304

java.lang.SecurityException: Permission Denial: starting Intent { flg=0x10000000 cmp=com.Slack/slack.app.ui.ClientBootActivity } from null (pid=21176, uid=2000) not exported from uid 10304
at com.android.server.wm.ActivityStackSupervisor.checkStartAnyActivityPermission(ActivityStackSupervisor.java:1089)
at com.android.server.wm.ActivityStarter.startActivity(ActivityStarter.java:789)
at com.android.server.wm.ActivityStarter.startActivity(ActivityStarter.java:588)
at com.android.server.wm.ActivityStarter.startActivityMayWait(ActivityStarter.java:1392)
at com.android.server.wm.ActivityStarter.execute(ActivityStarter.java:519)
at com.android.server.wm.ActivityTaskManagerService.startActivityAndWait(ActivityTaskManagerService.java:1264)
at com.android.server.am.ActivityManagerService.startActivityAndWait(ActivityManagerService.java:3581)
at com.android.server.am.ActivityManagerShellCommand.runStartActivity(ActivityManagerShellCommand.java:513)
at com.android.server.am.ActivityManagerShellCommand.onCommand(ActivityManagerShellCommand.java:172)
at android.os.ShellCommand.exec(ShellCommand.java:111)
at com.android.server.am.ActivityManagerService.onShellCommand(ActivityManagerService.java:10093)
at android.os.Binder.shellCommand(Binder.java:881)
at android.os.Binder.onTransact(Binder.java:765)
at android.app.IActivityManager$Stub.onTransact(IActivityManager.java:4727)
at com.android.server.am.ActivityManagerService.onTransact(ActivityManagerService.java:2799)
at android.os.Binder.execTransactInternal(Binder.java:1021)
at android.os.Binder.execTransact(Binder.java:994)'; Code: '255'
    at getResponseForW3CError (C:\Users\HP\AppData\Local\Programs\Appium\resources\app\node_modules\appium\node_modules\appium-base-driver\lib\protocol\errors.js:804:9)
    at asyncHandler (C:\Users\HP\AppData\Local\Programs\Appium\resources\app\node_modules\appium\node_modules\appium-base-driver\lib\protocol\protocol.js:392:37)
Build info: version: '3.141.59', revision: 'e82be7d358', time: '2018-11-14T08:17:03'
System info: host: 'LAPTOP-HEPN219V', ip: '192.168.43.223', os.name: 'Windows 11', os.arch: 'amd64', os.version: '10.0', java.version: '17.0.4.1'
Driver info: driver.version: AndroidDriver
at io.appium.java_client.remote.AppiumCommandExecutor$1.createSession(AppiumCommandExecutor.java:216)
at io.appium.java_client.remote.AppiumCommandExecutor.createSession(AppiumCommandExecutor.java:225)
at io.appium.java_client.remote.AppiumCommandExecutor.execute(AppiumCommandExecutor.java:250)
at org.openqa.selenium.remote.RemoteWebDriver.execute(RemoteWebDriver.java:552)
at io.appium.java_client.DefaultGenericMobileDriver.execute(DefaultGenericMobileDriver.java:41)
at io.appium.java_client.AppiumDriver.execute(AppiumDriver.java:1)
at io.appium.java_client.android.AndroidDriver.execute(AndroidDriver.java:1)
at org.openqa.selenium.remote.RemoteWebDriver.startSession(RemoteWebDriver.java:213)
at io.appium.java_client.AppiumDriver.startSession(AppiumDriver.java:363)
at org.openqa.selenium.remote.RemoteWebDriver.<init>(RemoteWebDriver.java:131)
at io.appium.java_client.DefaultGenericMobileDriver.<init>(DefaultGenericMobileDriver.java:37)
at io.appium.java_client.AppiumDriver.<init>(AppiumDriver.java:89)
at io.appium.java_client.AppiumDriver.<init>(AppiumDriver.java:99)
at io.appium.java_client.android.AndroidDriver.<init>(AndroidDriver.java:97)
at appium_virtual_app.slack.BT(slack.java:28)
at java.base/jdk.internal.reflect.NativeMethodAccessorImpl.invoke0(Native Method)
at java.base/jdk.internal.reflect.NativeMethodAccessorImpl.invoke(NativeMethodAccessorImpl.java:77)
at java.base/jdk.internal.reflect.DelegatingMethodAccessorImpl.invoke(DelegatingMethodAccessorImpl.java:43)
at java.base/java.lang.reflect.Method.invoke(Method.java:568)
at org.testng.internal.MethodInvocationHelper.invokeMethod(MethodInvocationHelper.java:133)
at org.testng.internal.MethodInvocationHelper.invokeMethodConsideringTimeout(MethodInvocationHelper.java:62)
at org.testng.internal.ConfigInvoker.invokeConfigurationMethod(ConfigInvoker.java:385)
at org.testng.internal.ConfigInvoker.invokeConfigurations(ConfigInvoker.java:321)
at org.testng.TestRunner.invokeTestConfigurations(TestRunner.java:637)
at org.testng.TestRunner.beforeRun(TestRunner.java:627)
at org.testng.TestRunner.run(TestRunner.java:589)
at org.testng.SuiteRunner.runTest(SuiteRunner.java:377)
at org.testng.SuiteRunner.runSequentially(SuiteRunner.java:371)
at org.testng.SuiteRunner.privateRun(SuiteRunner.java:332)
at org.testng.SuiteRunner.run(SuiteRunner.java:276)
at org.testng.SuiteRunnerWorker.runSuite(SuiteRunnerWorker.java:53)
at org.testng.SuiteRunnerWorker.run(SuiteRunnerWorker.java:96)
at org.testng.TestNG.runSuitesSequentially(TestNG.java:1212)
at org.testng.TestNG.runSuitesLocally(TestNG.java:1134)
at org.testng.TestNG.runSuites(TestNG.java:1063)
at org.testng.TestNG.run(TestNG.java:1031)
at org.testng.remote.AbstractRemoteTestNG.run(AbstractRemoteTestNG.java:115)
at org.testng.remote.RemoteTestNG.initAndRun(RemoteTestNG.java:251)
at org.testng.remote.RemoteTestNG.main(RemoteTestNG.java:77)
Caused by: java.lang.reflect.InvocationTargetException
at java.base/jdk.internal.reflect.NativeMethodAccessorImpl.invoke0(Native Method)
at java.base/jdk.internal.reflect.NativeMethodAccessorImpl.invoke(NativeMethodAccessorImpl.java:77)
at java.base/jdk.internal.reflect.DelegatingMethodAccessorImpl.invoke(DelegatingMethodAccessorImpl.java:43)
at java.base/java.lang.reflect.Method.invoke(Method.java:568)
at io.appium.java_client.remote.AppiumCommandExecutor$1.createSession(AppiumCommandExecutor.java:193)
... 38 more
Caused by: org.openqa.selenium.WebDriverException: An unknown server-side error occurred while processing the command. Original error: Cannot start the 'com.Slack' application. Visit https://github.com/appium/appium/blob/master/docs/en/writing-running-appium/android/activity-startup.md for troubleshooting. Original error: Error executing adbExec. Original error: 'Command 'C:\\Users\\HP\\AppData\\Local\\Android\\Sdk\\platform-tools\\adb.exe -P 5037 -s 5eeca162 shell am start -W -n com.Slack/slack.app.ui.ClientBootActivity -S' exited with code 255'; Stderr: 'Security exception: Permission Denial: starting Intent { flg=0x10000000 cmp=com.Slack/slack.app.ui.ClientBootActivity } from null (pid=21176, uid=2000) not exported from uid 10304

java.lang.SecurityException: Permission Denial: starting Intent { flg=0x10000000 cmp=com.Slack/slack.app.ui.ClientBootActivity } from null (pid=21176, uid=2000) not exported from uid 10304
at com.android.server.wm.ActivityStackSupervisor.checkStartAnyActivityPermission(ActivityStackSupervisor.java:1089)
at com.android.server.wm.ActivityStarter.startActivity(ActivityStarter.java:789)
at com.android.server.wm.ActivityStarter.startActivity(ActivityStarter.java:588)
at com.android.server.wm.ActivityStarter.startActivityMayWait(ActivityStarter.java:1392)
at com.android.server.wm.ActivityStarter.execute(ActivityStarter.java:519)
at com.android.server.wm.ActivityTaskManagerService.startActivityAndWait(ActivityTaskManagerService.java:1264)
at com.android.server.am.ActivityManagerService.startActivityAndWait(ActivityManagerService.java:3581)
at com.android.server.am.ActivityManagerShellCommand.runStartActivity(ActivityManagerShellCommand.java:513)
at com.android.server.am.ActivityManagerShellCommand.onCommand(ActivityManagerShellCommand.java:172)
at android.os.ShellCommand.exec(ShellCommand.java:111)
at com.android.server.am.ActivityManagerService.onShellCommand(ActivityManagerService.java:10093)
at android.os.Binder.shellCommand(Binder.java:881)
at android.os.Binder.onTransact(Binder.java:765)
at android.app.IActivityManager$Stub.onTransact(IActivityManager.java:4727)
at com.android.server.am.ActivityManagerService.onTransact(ActivityManagerService.java:2799)
at android.os.Binder.execTransactInternal(Binder.java:1021)
at android.os.Binder.execTransact(Binder.java:994)'; Code: '255'
Build info: version: '3.141.59', revision: 'e82be7d358', time: '2018-11-14T08:17:03'
System info: host: 'LAPTOP-HEPN219V', ip: '192.168.43.223', os.name: 'Windows 11', os.arch: 'amd64', os.version: '10.0', java.version: '17.0.4.1'
Driver info: driver.version: AndroidDriver
remote stacktrace: UnknownError: An unknown server-side error occurred while processing the command. Original error: Cannot start the 'com.Slack' application. Visit https://github.com/appium/appium/blob/master/docs/en/writing-running-appium/android/activity-startup.md for troubleshooting. Original error: Error executing adbExec. Original error: 'Command 'C:\\Users\\HP\\AppData\\Local\\Android\\Sdk\\platform-tools\\adb.exe -P 5037 -s 5eeca162 shell am start -W -n com.Slack/slack.app.ui.ClientBootActivity -S' exited with code 255'; Stderr: 'Security exception: Permission Denial: starting Intent { flg=0x10000000 cmp=com.Slack/slack.app.ui.ClientBootActivity } from null (pid=21176, uid=2000) not exported from uid 10304

java.lang.SecurityException: Permission Denial: starting Intent { flg=0x10000000 cmp=com.Slack/slack.app.ui.ClientBootActivity } from null (pid=21176, uid=2000) not exported from uid 10304
at com.android.server.wm.ActivityStackSupervisor.checkStartAnyActivityPermission(ActivityStackSupervisor.java:1089)
at com.android.server.wm.ActivityStarter.startActivity(ActivityStarter.java:789)
at com.android.server.wm.ActivityStarter.startActivity(ActivityStarter.java:588)
at com.android.server.wm.ActivityStarter.startActivityMayWait(ActivityStarter.java:1392)
at com.android.server.wm.ActivityStarter.execute(ActivityStarter.java:519)
at com.android.server.wm.ActivityTaskManagerService.startActivityAndWait(ActivityTaskManagerService.java:1264)
at com.android.server.am.ActivityManagerService.startActivityAndWait(ActivityManagerService.java:3581)
at com.android.server.am.ActivityManagerShellCommand.runStartActivity(ActivityManagerShellCommand.java:513)
at com.android.server.am.ActivityManagerShellCommand.onCommand(ActivityManagerShellCommand.java:172)
at android.os.ShellCommand.exec(ShellCommand.java:111)
at com.android.server.am.ActivityManagerService.onShellCommand(ActivityManagerService.java:10093)
at android.os.Binder.shellCommand(Binder.java:881)
at android.os.Binder.onTransact(Binder.java:765)
at android.app.IActivityManager$Stub.onTransact(IActivityManager.java:4727)
at com.android.server.am.ActivityManagerService.onTransact(ActivityManagerService.java:2799)
at android.os.Binder.execTransactInternal(Binder.java:1021)
at android.os.Binder.execTransact(Binder.java:994)'; Code: '255'
    at getResponseForW3CError (C:\Users\HP\AppData\Local\Programs\Appium\resources\app\node_modules\appium\node_modules\appium-base-driver\lib\protocol\errors.js:804:9)
    at asyncHandler (C:\Users\HP\AppData\Local\Programs\Appium\resources\app\node_modules\appium\node_modules\appium-base-driver\lib\protocol\protocol.js:392:37)
at java.base/jdk.internal.reflect.NativeConstructorAccessorImpl.newInstance0(Native Method)
at java.base/jdk.internal.reflect.NativeConstructorAccessorImpl.newInstance(NativeConstructorAccessorImpl.java:77)
at java.base/jdk.internal.reflect.DelegatingConstructorAccessorImpl.newInstance(DelegatingConstructorAccessorImpl.java:45)
at java.base/java.lang.reflect.Constructor.newInstanceWithCaller(Constructor.java:499)
at java.base/java.lang.reflect.Constructor.newInstance(Constructor.java:480)
at org.openqa.selenium.remote.W3CHandshakeResponse.lambda$errorHandler$0(W3CHandshakeResponse.java:62)
at org.openqa.selenium.remote.HandshakeResponse.lambda$getResponseFunction$0(HandshakeResponse.java:30)
at org.openqa.selenium.remote.ProtocolHandshake.lambda$createSession$0(ProtocolHandshake.java:126)
at java.base/java.util.stream.ReferencePipeline$3$1.accept(ReferencePipeline.java:197)
at java.base/java.util.Spliterators$ArraySpliterator.tryAdvance(Spliterators.java:1002)
at java.base/java.util.stream.ReferencePipeline.forEachWithCancel(ReferencePipeline.java:129)
at java.base/java.util.stream.AbstractPipeline.copyIntoWithCancel(AbstractPipeline.java:527)
at java.base/java.util.stream.AbstractPipeline.copyInto(AbstractPipeline.java:513)
at java.base/java.util.stream.AbstractPipeline.wrapAndCopyInto(AbstractPipeline.java:499)
at java.base/java.util.stream.FindOps$FindOp.evaluateSequential(FindOps.java:150)
at java.base/java.util.stream.AbstractPipeline.evaluate(AbstractPipeline.java:234)
at java.base/java.util.stream.ReferencePipeline.findFirst(ReferencePipeline.java:647)
at org.openqa.selenium.remote.ProtocolHandshake.createSession(ProtocolHandshake.java:128)
... 43 more
]]>
    </error>
  </testcase> <!-- BT -->
  <system-out/>
</testsuite> <!-- appium_virtual_app.slack -->
