<?xml version="1.0" encoding="UTF-8"?>
<!-- Generated by org.testng.reporters.JUnitReportReporter -->
<testsuite hostname="LAPTOP-HEPN219V" failures="0" tests="1" name="appium_virtual_app.ORANGE_HRM" time="55.729" errors="0" timestamp="2022-12-01T15:19:40 IST" skipped="0">
  <testcase classname="appium_virtual_app.ORANGE_HRM" name="testcase" time="55.729"/>
  <system-out/>
</testsuite> <!-- appium_virtual_app.ORANGE_HRM -->
