<?xml version="1.0" encoding="UTF-8"?>
<!-- Generated by org.testng.reporters.JUnitReportReporter -->
<testsuite hostname="LAPTOP-HEPN219V" failures="0" tests="1" name="appium_virtual_app.demo_1" time="1.875" errors="0" timestamp="2022-12-01T11:52:28 IST" skipped="0">
  <testcase classname="appium_virtual_app.demo_1" name="testcase" time="1.875"/>
  <system-out/>
</testsuite> <!-- appium_virtual_app.demo_1 -->
