<?xml version="1.0" encoding="UTF-8"?>
<!-- Generated by org.testng.reporters.JUnitReportReporter -->
<testsuite hostname="LAPTOP-HEPN219V" failures="0" tests="3" name="appium_virtual_app.general2" time="25.784" errors="0" timestamp="2022-12-09T07:33:03 IST" skipped="2">
  <testcase classname="appium_virtual_app.general2" name="task" time="25.784"/>
  <system-out/>
  <testcase classname="appium_virtual_app.general2" name="addcart">
    <skipped/>
  </testcase> <!-- addcart -->
  <system-out/>
  <testcase classname="appium_virtual_app.general2" name="negative">
    <skipped/>
  </testcase> <!-- negative -->
  <system-out/>
</testsuite> <!-- appium_virtual_app.general2 -->
